--- Terminal on /dev/cu.usbserial-0001 | 115200 8-N-1
--- Available filters and text transformations: colorize, debug, default, direct, esp8266_exception_decoder, hexlify, log2file, nocontrol, printable, send_on_enter, time
--- More details at https://bit.ly/pio-monitor-filters
--- Quit: Ctrl+C | Menu: Ctrl+T | Help: Ctrl+T followed by Ctrl+H
 INFO -07:35:29 -     CupboardApp: ==================================
 INFO -07:35:29 -     CupboardApp: Cupboard App Starting
 INFO -07:35:29 -     CupboardApp: ==================================
 DEBUG-07:35:29 - InputPinCompone: ----- InputPinComponent 0x3fff6a34
 DEBUG-07:35:29 -      HW::Motion: Motion 0x3fff6a34
 DEBUG-07:35:29 -      HW::Motion: setup pin 14  0x3fff6a34
 DEBUG-07:35:29 -      HW::Motion: 	input
 DEBUG-07:35:29 - InputPinCompone: ----- InputPinComponent 0x3fff6ba4
 DEBUG-07:35:29 -      HW::Motion: Motion 0x3fff6ba4
 DEBUG-07:35:29 -      HW::Motion: setup pin 12  0x3fff6ba4
 DEBUG-07:35:29 -      HW::Motion: 	input
 INFO -07:35:29 -   NeoPixelStrip: Pin change to 4
 INFO -07:35:29 -   NeoPixelStrip: 	Pin changed
 INFO -07:35:29 -   NeoPixelStrip: Pin change to 5
 INFO -07:35:29 -   NeoPixelStrip: 	Pin changed
 INFO -07:35:29 -     CupboardApp: setup listeners: stack=2160,  heap=21016, max block size=20504, fragmentation=3
 DEBUG-07:35:29 -      HA::Device: name: kitchen_cupboard_lights
 DEBUG-07:35:29 -      HA::Device: board ID 98CDAC25FB00
 DEBUG-07:35:29 -  HA::LightStrip: created HA:LightStrip 3fff72e4
 DEBUG-07:35:29 -      HA::Device: add entity: 3fff72e4 
 DEBUG-07:35:29 -      HA::Device: add entity: 3fff75d4 
 DEBUG-07:35:29 -      HA::Device: add entity: 3fff79ac 
 DEBUG-07:35:29 -      HA::Device: add entity: 3fff7af4 
 DEBUG-07:35:29 -      HA::Device: add entity: 3fff7c64 
 DEBUG-07:35:29 -      HA::Device: add entity: 3fff7dac 
 DEBUG-07:35:29 -      HA::Device: add entity: 3fff7f0c 
 DEBUG-07:35:29 -      HA::Device: add entity: 3fff806c 
 INFO -07:35:29 -   HomeAssistant: publish entities
 DEBUG-07:35:29 -  HA::LightStrip: LightStrip subscribe
 DEBUG-07:35:29 -         Persist: Persist changed
 DEBUG-07:35:29 -  HA::LightStrip: got command: {"state":"OFF","transition":2.0}
 DEBUG-07:35:29 -  HA::LightStrip: color RGB(255,130,53)
 DEBUG-07:35:29 -  HA::LightStrip: turn off
 DEBUG-07:35:29 -  HA::LightStrip: to color RGB(255,130,53)
ALWAYS-07:35:29 - HomeAssistantSc: transition to state b=0, r=255, g=130, b=53
 WARN -07:35:29 - HomeAssistantSc: already rendering
 DEBUG-07:35:39 -     CupboardApp: Assuming startup was ok after 10 seconds.
 DEBUG-07:35:39 -         Persist: Persist changed
ALWAYS-07:35:52 - HA::MotionSenso: motion start
 DEBUG-07:35:52 -  HA::LightStrip: got command: {"state":"ON","color":{"r":255,"g":130,"b":53},"transition":2.0,"brightness":255,"effect":"Grow"}
 DEBUG-07:35:52 -  HA::LightStrip: color RGB(255,130,53)
ALWAYS-07:35:52 -  HA::LightStrip: brightness 255
 DEBUG-07:35:52 -  HA::LightStrip: got rgb
 DEBUG-07:35:52 -  HA::LightStrip: set RGB: 255,130,53
 DEBUG-07:35:52 -  HA::LightStrip: turn on
 DEBUG-07:35:52 -  HA::LightStrip: to color RGB(255,130,53)
ALWAYS-07:35:52 - HomeAssistantSc: transition to state b=255, r=255, g=130, b=53
 WARN -07:35:52 - HomeAssistantSc: already rendering
ALWAYS-07:35:54 - HA::MotionSenso: motion end
 DEBUG-07:35:54 -         Persist: Persist changed
 ERROR-07:35:55 -        LoopTime: Loop taking too much time: 433 msecs  (250 allowed)
ALWAYS-07:35:55 -        LoopTime: Loop took to long: 443msecs  (250 allowed)
ALWAYS-07:35:55 - HA::MotionSenso: motion end
ALWAYS-07:36:12 - HA::MotionSenso: motion start
ALWAYS-07:36:15 - HA::MotionSenso: motion end
ALWAYS-07:36:17 - HA::MotionSenso: motion start
ALWAYS-07:36:23 - HA::MotionSenso: motion end
 INFO -07:36:29 -     CupboardApp: Memory: stack=1248,  heap=15040, max block size=12480, fragmentation=17
ALWAYS-07:36:30 - HA::MotionSenso: motion start
ALWAYS-07:36:32 - HA::MotionSenso: motion end
 DEBUG-07:36:33 -  HA::LightStrip: got command: {"state":"OFF"}
 DEBUG-07:36:33 -  HA::LightStrip: color RGB(255,130,53)
 DEBUG-07:36:33 -  HA::LightStrip: turn off
 DEBUG-07:36:33 -  HA::LightStrip: to color RGB(255,130,53)
ALWAYS-07:36:33 - HomeAssistantSc: transition to state b=255, r=255, g=130, b=53
 WARN -07:36:33 - HomeAssistantSc: already rendering
 DEBUG-07:36:34 -  HA::LightStrip: got command: {"state":"OFF","transition":2.0}
 DEBUG-07:36:34 -  HA::LightStrip: color RGB(255,130,53)
 DEBUG-07:36:34 -  HA::LightStrip: turn off
 DEBUG-07:36:34 -  HA::LightStrip: to color RGB(255,130,53)
ALWAYS-07:36:34 - HomeAssistantSc: transition to state b=0, r=255, g=130, b=53
 WARN -07:36:34 - HomeAssistantSc: already rendering
 DEBUG-07:36:38 -  HA::LightStrip: got command: {"state":"ON"}
 DEBUG-07:36:38 -  HA::LightStrip: color RGB(255,130,53)
 DEBUG-07:36:38 -  HA::LightStrip: turn on
 DEBUG-07:36:38 -  HA::LightStrip: to color RGB(255,130,53)
ALWAYS-07:36:38 - HomeAssistantSc: transition to state b=0, r=255, g=130, b=53
 WARN -07:36:38 - HomeAssistantSc: already rendering
 DEBUG-07:36:42 -  HA::LightStrip: got command: {"state":"OFF"}
 DEBUG-07:36:42 -  HA::LightStrip: color RGB(255,130,53)
 DEBUG-07:36:42 -  HA::LightStrip: turn off
 DEBUG-07:36:42 -  HA::LightStrip: to color RGB(255,130,53)
ALWAYS-07:36:42 - HomeAssistantSc: transition to state b=255, r=255, g=130, b=53
 WARN -07:36:42 - HomeAssistantSc: already rendering
 DEBUG-07:36:43 -  HA::LightStrip: got command: {"state":"ON"}
 DEBUG-07:36:43 -  HA::LightStrip: color RGB(255,130,53)
 DEBUG-07:36:43 -  HA::LightStrip: turn on
 DEBUG-07:36:43 -  HA::LightStrip: to color RGB(255,130,53)
ALWAYS-07:36:43 - HomeAssistantSc: transition to state b=0, r=255, g=130, b=53
 WARN -07:36:43 - HomeAssistantSc: already rendering
ALWAYS-07:36:47 - HA::MotionSenso: motion end
 DEBUG-07:36:54 -  HA::LightStrip: got command: {"state":"ON","effect":"Grow"}
 DEBUG-07:36:54 -  HA::LightStrip: color RGB(255,130,53)
 DEBUG-07:36:54 -  HA::LightStrip: turn on
 DEBUG-07:36:54 -  HA::LightStrip: to color RGB(255,130,53)
ALWAYS-07:36:54 - HomeAssistantSc: transition to state b=255, r=255, g=130, b=53
 WARN -07:36:54 - HomeAssistantSc: already rendering
 DEBUG-07:36:58 -  HA::LightStrip: got command: {"state":"ON","color":{"r":33,"g":255,"b":36}}
 DEBUG-07:36:58 -  HA::LightStrip: color RGB(255,130,53)
 DEBUG-07:36:58 -  HA::LightStrip: got rgb
 DEBUG-07:36:58 -  HA::LightStrip: set RGB: 33,255,36
 DEBUG-07:36:58 -  HA::LightStrip: turn on
 DEBUG-07:36:58 -  HA::LightStrip: to color RGB(33,255,36)
ALWAYS-07:36:58 - HomeAssistantSc: transition to state b=255, r=33, g=255, b=36
 WARN -07:36:58 - HomeAssistantSc: already rendering
 DEBUG-07:36:59 -         Persist: Persist changed
 DEBUG-07:37:03 -  HA::LightStrip: got command: {"state":"OFF"}
 DEBUG-07:37:03 -  HA::LightStrip: color RGB(33,255,36)
 DEBUG-07:37:03 -  HA::LightStrip: turn off
 DEBUG-07:37:03 -  HA::LightStrip: to color RGB(33,255,36)
ALWAYS-07:37:03 - HomeAssistantSc: transition to state b=255, r=33, g=255, b=36
 WARN -07:37:03 - HomeAssistantSc: already rendering
 DEBUG-07:37:05 -  HA::LightStrip: got command: {"state":"ON"}
 DEBUG-07:37:05 -  HA::LightStrip: color RGB(33,255,36)
 DEBUG-07:37:05 -  HA::LightStrip: turn on
 DEBUG-07:37:05 -  HA::LightStrip: to color RGB(33,255,36)
ALWAYS-07:37:05 - HomeAssistantSc: transition to state b=0, r=33, g=255, b=36
 WARN -07:37:05 - HomeAssistantSc: already rendering
 DEBUG-07:37:10 -  HA::LightStrip: got command: {"state":"OFF"}
 DEBUG-07:37:10 -  HA::LightStrip: color RGB(33,255,36)
 DEBUG-07:37:10 -  HA::LightStrip: turn off
 DEBUG-07:37:10 -  HA::LightStrip: to color RGB(33,255,36)
ALWAYS-07:37:10 - HomeAssistantSc: transition to state b=255, r=33, g=255, b=36
 WARN -07:37:10 - HomeAssistantSc: already rendering
ALWAYS-07:37:24 - HA::MotionSenso: motion end
ALWAYS-07:37:26 - HA::MotionSenso: motion start
 DEBUG-07:37:26 -  HA::LightStrip: got command: {"state":"ON","color":{"r":255,"g":130,"b":53},"transition":2.0,"brightness":255,"effect":"Grow"}
 DEBUG-07:37:26 -  HA::LightStrip: color RGB(33,255,36)
ALWAYS-07:37:27 -  HA::LightStrip: brightness 255
 DEBUG-07:37:27 -  HA::LightStrip: got rgb
 DEBUG-07:37:27 -  HA::LightStrip: set RGB: 255,130,53
 DEBUG-07:37:27 -  HA::LightStrip: turn on
 DEBUG-07:37:27 -  HA::LightStrip: to color RGB(255,130,53)
ALWAYS-07:37:27 - HomeAssistantSc: transition to state b=255, r=255, g=130, b=53
 WARN -07:37:27 - HomeAssistantSc: already rendering
 DEBUG-07:37:29 -         Persist: Persist changed
 INFO -07:37:29 -     CupboardApp: Memory: stack=1184,  heap=14592, max block size=10256, fragmentation=29
ALWAYS-07:37:29 - HA::MotionSenso: motion end
ALWAYS-07:37:37 - HA::MotionSenso: motion start
ALWAYS-07:37:47 - HA::MotionSenso: motion end
ALWAYS-07:37:56 - HA::MotionSenso: motion start
ALWAYS-07:38:05 - HA::MotionSenso: motion end
ALWAYS-07:38:06 - HA::MotionSenso: motion start
ALWAYS-07:38:08 - HA::MotionSenso: motion end
ALWAYS-07:38:08 - HA::MotionSenso: motion start
ALWAYS-07:38:09 - HA::MotionSenso: motion end
ALWAYS-07:38:10 - HA::MotionSenso: motion start
ALWAYS-07:38:12 - HA::MotionSenso: motion end
ALWAYS-07:38:18 - HA::MotionSenso: motion start
ALWAYS-07:38:27 - HA::MotionSenso: motion end
 INFO -07:38:29 -     CupboardApp: Memory: stack=1184,  heap=14784, max block size=12480, fragmentation=16
 INFO -07:39:29 -     CupboardApp: Memory: stack=1184,  heap=14784, max block size=12480, fragmentation=16
 DEBUG-07:40:28 -  HA::LightStrip: got command: {"state":"OFF","transition":2.0}
 DEBUG-07:40:28 -  HA::LightStrip: color RGB(255,130,53)
 DEBUG-07:40:28 -  HA::LightStrip: turn off
 DEBUG-07:40:28 -  HA::LightStrip: to color RGB(255,130,53)
ALWAYS-07:40:28 - HomeAssistantSc: transition to state b=255, r=255, g=130, b=53
 WARN -07:40:28 - HomeAssistantSc: already rendering
 INFO -07:40:30 -     CupboardApp: Memory: stack=1184,  heap=14592, max block size=12480, fragmentation=15
ALWAYS-07:41:12 - HA::MotionSenso: motion start
 DEBUG-07:41:12 -  HA::LightStrip: got command: {"state":"ON","color":{"r":255,"g":130,"b":53},"transition":2.0,"brightness":255,"effect":"Grow"}
 DEBUG-07:41:12 -  HA::LightStrip: color RGB(255,130,53)
ALWAYS-07:41:12 -  HA::LightStrip: brightness 255
 DEBUG-07:41:12 -  HA::LightStrip: got rgb
 DEBUG-07:41:12 -  HA::LightStrip: set RGB: 255,130,53
 DEBUG-07:41:12 -  HA::LightStrip: turn on
 DEBUG-07:41:12 -  HA::LightStrip: to color RGB(255,130,53)
ALWAYS-07:41:12 - HomeAssistantSc: transition to state b=255, r=255, g=130, b=53
 WARN -07:41:12 - HomeAssistantSc: already rendering
ALWAYS-07:41:16 - HA::MotionSenso: motion end
 INFO -07:41:30 -     CupboardApp: Memory: stack=1184,  heap=14784, max block size=12480, fragmentation=16
